# JRE version: Java(TM) SE Runtime Environment (8.0_60-b27) (build 1.8.0_60-b27)
# Java VM: Java HotSpot(TM) 64-Bit Server VM (25.60-b23 mixed mode windows-amd64 compressed oops)
Heap:
 PSYoungGen      total 132096K, used 74057K [0x00000000eab00000, 0x00000000fa800000, 0x0000000100000000)
  eden space 97280K, 76% used [0x00000000eab00000,0x00000000ef352620,0x00000000f0a00000)
  from space 34816K, 0% used [0x00000000f0a00000,0x00000000f0a00000,0x00000000f2c00000)
  to   space 53248K, 0% used [0x00000000f7400000,0x00000000f7400000,0x00000000fa800000)
 ParOldGen       total 131072K, used 69615K [0x00000000c0000000, 0x00000000c8000000, 0x00000000eab00000)
  object space 131072K, 53% used [0x00000000c0000000,0x00000000c43fbcd0,0x00000000c8000000)
 Metaspace       used 6069K, capacity 7064K, committed 7424K, reserved 1056768K
  class space    used 608K, capacity 656K, committed 768K, reserved 1048576K
GC Heap History (10 events):
Event: 4.631 GC heap before
{Heap before GC invocations=5 (full 1):
 PSYoungGen      total 68096K, used 2553K [0x00000000eab00000, 0x00000000ef000000, 0x0000000100000000)
  eden space 65536K, 0% used [0x00000000eab00000,0x00000000eab00000,0x00000000eeb00000)
  from space 2560K, 99% used [0x00000000eed80000,0x00000000eeffe778,0x00000000ef000000)
  to   space 2560K, 0% used [0x00000000eeb00000,0x00000000eeb00000,0x00000000eed80000)
 ParOldGen       total 48128K, used 46345K [0x00000000c0000000, 0x00000000c2f00000, 0x00000000eab00000)
  object space 48128K, 96% used [0x00000000c0000000,0x00000000c2d42478,0x00000000c2f00000)
 Metaspace       used 5797K, capacity 6832K, committed 7040K, reserved 1056768K
  class space    used 586K, capacity 616K, committed 640K, reserved 1048576K
Event: 5.739 GC heap after
Heap after GC invocations=5 (full 1):
 PSYoungGen      total 68096K, used 0K [0x00000000eab00000, 0x00000000ef000000, 0x0000000100000000)
  eden space 65536K, 0% used [0x00000000eab00000,0x00000000eab00000,0x00000000eeb00000)
  from space 2560K, 0% used [0x00000000eed80000,0x00000000eed80000,0x00000000ef000000)
  to   space 2560K, 0% used [0x00000000eeb00000,0x00000000eeb00000,0x00000000eed80000)
 ParOldGen       total 88576K, used 39004K [0x00000000c0000000, 0x00000000c5680000, 0x00000000eab00000)
  object space 88576K, 44% used [0x00000000c0000000,0x00000000c2617010,0x00000000c5680000)
 Metaspace       used 5797K, capacity 6832K, committed 7040K, reserved 1056768K
  class space    used 586K, capacity 616K, committed 640K, reserved 1048576K
}
Event: 8.073 GC heap before
{Heap before GC invocations=6 (full 1):
 PSYoungGen      total 68096K, used 65536K [0x00000000eab00000, 0x00000000ef000000, 0x0000000100000000)
  eden space 65536K, 100% used [0x00000000eab00000,0x00000000eeb00000,0x00000000eeb00000)
  from space 2560K, 0% used [0x00000000eed80000,0x00000000eed80000,0x00000000ef000000)
  to   space 2560K, 0% used [0x00000000eeb00000,0x00000000eeb00000,0x00000000eed80000)
 ParOldGen       total 88576K, used 39004K [0x00000000c0000000, 0x00000000c5680000, 0x00000000eab00000)
  object space 88576K, 44% used [0x00000000c0000000,0x00000000c2617010,0x00000000c5680000)
 Metaspace       used 5903K, capacity 6960K, committed 7040K, reserved 1056768K
  class space    used 587K, capacity 616K, committed 640K, reserved 1048576K
Event: 8.537 GC heap after
Heap after GC invocations=6 (full 1):
 PSYoungGen      total 68096K, used 2553K [0x00000000eab00000, 0x00000000f4680000, 0x0000000100000000)
  eden space 65536K, 0% used [0x00000000eab00000,0x00000000eab00000,0x00000000eeb00000)
  from space 2560K, 99% used [0x00000000eeb00000,0x00000000eed7e648,0x00000000eed80000)
  to   space 27136K, 0% used [0x00000000f2c00000,0x00000000f2c00000,0x00000000f4680000)
 ParOldGen       total 88576K, used 51389K [0x00000000c0000000, 0x00000000c5680000, 0x00000000eab00000)
  object space 88576K, 58% used [0x00000000c0000000,0x00000000c322f760,0x00000000c5680000)
 Metaspace       used 5903K, capacity 6960K, committed 7040K, reserved 1056768K
  class space    used 587K, capacity 616K, committed 640K, reserved 1048576K
}
Event: 10.328 GC heap before
{Heap before GC invocations=7 (full 1):
 PSYoungGen      total 68096K, used 68089K [0x00000000eab00000, 0x00000000f4680000, 0x0000000100000000)
  eden space 65536K, 100% used [0x00000000eab00000,0x00000000eeb00000,0x00000000eeb00000)
  from space 2560K, 99% used [0x00000000eeb00000,0x00000000eed7e648,0x00000000eed80000)
  to   space 27136K, 0% used [0x00000000f2c00000,0x00000000f2c00000,0x00000000f4680000)
 ParOldGen       total 88576K, used 51389K [0x00000000c0000000, 0x00000000c5680000, 0x00000000eab00000)
  object space 88576K, 58% used [0x00000000c0000000,0x00000000c322f760,0x00000000c5680000)
 Metaspace       used 6045K, capacity 7000K, committed 7168K, reserved 1056768K
  class space    used 608K, capacity 656K, committed 768K, reserved 1048576K
Event: 10.746 GC heap after
Heap after GC invocations=7 (full 1):
 PSYoungGen      total 124416K, used 27132K [0x00000000eab00000, 0x00000000f5400000, 0x0000000100000000)
  eden space 97280K, 0% used [0x00000000eab00000,0x00000000eab00000,0x00000000f0a00000)
  from space 27136K, 99% used [0x00000000f2c00000,0x00000000f467f3b0,0x00000000f4680000)
  to   space 34816K, 0% used [0x00000000f0a00000,0x00000000f0a00000,0x00000000f2c00000)
 ParOldGen       total 88576K, used 55677K [0x00000000c0000000, 0x00000000c5680000, 0x00000000eab00000)
  object space 88576K, 62% used [0x00000000c0000000,0x00000000c365f798,0x00000000c5680000)
 Metaspace       used 6045K, capacity 7000K, committed 7168K, reserved 1056768K
  class space    used 608K, capacity 656K, committed 768K, reserved 1048576K
}
Event: 11.273 GC heap before
{Heap before GC invocations=8 (full 1):
 PSYoungGen      total 124416K, used 124397K [0x00000000eab00000, 0x00000000f5400000, 0x0000000100000000)
  eden space 97280K, 99% used [0x00000000eab00000,0x00000000f09fc420,0x00000000f0a00000)
  from space 27136K, 99% used [0x00000000f2c00000,0x00000000f467f3b0,0x00000000f4680000)
  to   space 34816K, 0% used [0x00000000f0a00000,0x00000000f0a00000,0x00000000f2c00000)
 ParOldGen       total 88576K, used 55677K [0x00000000c0000000, 0x00000000c5680000, 0x00000000eab00000)
  object space 88576K, 62% used [0x00000000c0000000,0x00000000c365f798,0x00000000c5680000)
 Metaspace       used 6067K, capacity 7064K, committed 7424K, reserved 1056768K
  class space    used 608K, capacity 656K, committed 768K, reserved 1048576K
Event: 11.420 GC heap after
Heap after GC invocations=8 (full 1):
 PSYoungGen      total 132096K, used 34790K [0x00000000eab00000, 0x00000000fa800000, 0x0000000100000000)
  eden space 97280K, 0% used [0x00000000eab00000,0x00000000eab00000,0x00000000f0a00000)
  from space 34816K, 99% used [0x00000000f0a00000,0x00000000f2bf9860,0x00000000f2c00000)
  to   space 53248K, 0% used [0x00000000f7400000,0x00000000f7400000,0x00000000fa800000)
 ParOldGen       total 88576K, used 79994K [0x00000000c0000000, 0x00000000c5680000, 0x00000000eab00000)
  object space 88576K, 90% used [0x00000000c0000000,0x00000000c4e1e8b0,0x00000000c5680000)
 Metaspace       used 6067K, capacity 7064K, committed 7424K, reserved 1056768K
  class space    used 608K, capacity 656K, committed 768K, reserved 1048576K
}
Event: 11.420 GC heap before
{Heap before GC invocations=9 (full 2):
 PSYoungGen      total 132096K, used 34790K [0x00000000eab00000, 0x00000000fa800000, 0x0000000100000000)
  eden space 97280K, 0% used [0x00000000eab00000,0x00000000eab00000,0x00000000f0a00000)
  from space 34816K, 99% used [0x00000000f0a00000,0x00000000f2bf9860,0x00000000f2c00000)
  to   space 53248K, 0% used [0x00000000f7400000,0x00000000f7400000,0x00000000fa800000)
 ParOldGen       total 88576K, used 79994K [0x00000000c0000000, 0x00000000c5680000, 0x00000000eab00000)
  object space 88576K, 90% used [0x00000000c0000000,0x00000000c4e1e8b0,0x00000000c5680000)
 Metaspace       used 6067K, capacity 7064K, committed 7424K, reserved 1056768K
  class space    used 608K, capacity 656K, committed 768K, reserved 1048576K
Event: 12.498 GC heap after
Heap after GC invocations=9 (full 2):
 PSYoungGen      total 132096K, used 0K [0x00000000eab00000, 0x00000000fa800000, 0x0000000100000000)
  eden space 97280K, 0% used [0x00000000eab00000,0x00000000eab00000,0x00000000f0a00000)
  from space 34816K, 0% used [0x00000000f0a00000,0x00000000f0a00000,0x00000000f2c00000)
  to   space 53248K, 0% used [0x00000000f7400000,0x00000000f7400000,0x00000000fa800000)
 ParOldGen       total 131072K, used 69615K [0x00000000c0000000, 0x00000000c8000000, 0x00000000eab00000)
  object space 131072K, 53% used [0x00000000c0000000,0x00000000c43fbcd0,0x00000000c8000000)
 Metaspace       used 6067K, capacity 7064K, committed 7424K, reserved 1056768K
  class space    used 608K, capacity 656K, committed 768K, reserved 1048576K
}

